<?xml version="1.0" encoding="UTF-8"?>
<!-- Generated by org.testng.reporters.JUnitReportReporter -->
<testsuite hostname="DESKTOP-J11E4BD" failures="0" tests="1" name="testng.TC_1A" time="7.567" errors="0" timestamp="2022-06-06T12:25:12 PET" skipped="0">
  <testcase classname="testng.TC_1A" name="google" time="7.567"/>
  <system-out/>
</testsuite> <!-- testng.TC_1A -->
